<?xml version="1.0" encoding="UTF-8"?>
<!-- Generated by org.testng.reporters.JUnitXMLReporter -->
<testsuite hostname="LAPTOP-NN0EOSGE" ignored="6" name="Test" tests="4" failures="0" timestamp="07 May 2021 18:42:21 GMT" time="6.579" errors="0">
  <testcase name="testgetAllperson" time="2.749" classname="com.scrolltest.api.tests.TestGETPerson"/>
  <testcase name="testpostcreateperson" time="0.242" classname="com.scrolltest.api.tests.TestDELETPerson"/>
  <testcase name="testpostcreateperson" time="1.553" classname="com.scrolltest.api.tests.TestPATCHPerson"/>
  <testcase name="testpostcreateperson" time="0.106" classname="com.scrolltest.api.tests.TestPOSTPerson"/>
  <testcase name="@BeforeSuite setUp" time="0.0" classname="com.scrolltest.api.rEPORT.ExtentReport">
    <ignored/>
  </testcase> <!-- @BeforeSuite setUp -->
  <testcase name="@BeforeSuite setUp" time="0.0" classname="com.scrolltest.api.rEPORT.ExtentReport">
    <ignored/>
  </testcase> <!-- @BeforeSuite setUp -->
  <testcase name="@BeforeSuite setUp" time="0.0" classname="com.scrolltest.api.rEPORT.ExtentReport">
    <ignored/>
  </testcase> <!-- @BeforeSuite setUp -->
  <testcase name="@AfterSuite tearDown" time="0.0" classname="com.scrolltest.api.rEPORT.ExtentReport">
    <ignored/>
  </testcase> <!-- @AfterSuite tearDown -->
  <testcase name="@AfterSuite tearDown" time="0.0" classname="com.scrolltest.api.rEPORT.ExtentReport">
    <ignored/>
  </testcase> <!-- @AfterSuite tearDown -->
  <testcase name="@AfterSuite tearDown" time="0.0" classname="com.scrolltest.api.rEPORT.ExtentReport">
    <ignored/>
  </testcase> <!-- @AfterSuite tearDown -->
</testsuite> <!-- Test -->
