<?xml version="1.0" encoding="UTF-8"?>
<!-- Generated by org.testng.reporters.JUnitXMLReporter -->
<testsuite hostname="LAPTOP-NN0EOSGE" ignored="0" name="Test" tests="3" failures="0" timestamp="03 May 2021 04:10:33 GMT" time="3.502" errors="0">
  <testcase name="testgetAllperson" time="1.472" classname="com.scrolltest.api.tests.TestGETPerson"/>
  <testcase name="testpostcreateperson" time="1.052" classname="com.scrolltest.api.tests.TestPATCHPerson"/>
  <testcase name="testpostcreateperson" time="0.103" classname="com.scrolltest.api.tests.TestPOSTPerson"/>
</testsuite> <!-- Test -->
